{"name":"Log","hostname":"soluspc","pid":7938,"level":30,"msg":"Creating table: posts ","time":"2018-01-22T02:16:32.961Z","v":0}
{"name":"Log","hostname":"soluspc","pid":7938,"level":30,"msg":"Creating table: users ","time":"2018-01-22T02:16:33.216Z","v":0}
{"name":"Log","hostname":"soluspc","pid":7938,"level":30,"msg":"Creating table: roles ","time":"2018-01-22T02:16:33.566Z","v":0}
{"name":"Log","hostname":"soluspc","pid":7938,"level":30,"msg":"Creating table: roles_users ","time":"2018-01-22T02:16:33.812Z","v":0}
{"name":"Log","hostname":"soluspc","pid":7938,"level":30,"msg":"Creating table: permissions ","time":"2018-01-22T02:16:33.948Z","v":0}
{"name":"Log","hostname":"soluspc","pid":7938,"level":30,"msg":"Creating table: permissions_users ","time":"2018-01-22T02:16:34.196Z","v":0}
{"name":"Log","hostname":"soluspc","pid":7938,"level":30,"msg":"Creating table: permissions_roles ","time":"2018-01-22T02:16:34.341Z","v":0}
{"name":"Log","hostname":"soluspc","pid":7938,"level":30,"msg":"Creating table: permissions_apps ","time":"2018-01-22T02:16:34.542Z","v":0}
{"name":"Log","hostname":"soluspc","pid":7938,"level":30,"msg":"Creating table: settings ","time":"2018-01-22T02:16:34.666Z","v":0}
{"name":"Log","hostname":"soluspc","pid":7938,"level":30,"msg":"Creating table: tags ","time":"2018-01-22T02:16:34.947Z","v":0}
{"name":"Log","hostname":"soluspc","pid":7938,"level":30,"msg":"Creating table: posts_tags ","time":"2018-01-22T02:16:35.241Z","v":0}
{"name":"Log","hostname":"soluspc","pid":7938,"level":30,"msg":"Creating table: apps ","time":"2018-01-22T02:16:35.409Z","v":0}
{"name":"Log","hostname":"soluspc","pid":7938,"level":30,"msg":"Creating table: app_settings ","time":"2018-01-22T02:16:35.791Z","v":0}
{"name":"Log","hostname":"soluspc","pid":7938,"level":30,"msg":"Creating table: app_fields ","time":"2018-01-22T02:16:36.071Z","v":0}
{"name":"Log","hostname":"soluspc","pid":7938,"level":30,"msg":"Creating table: clients ","time":"2018-01-22T02:16:37.151Z","v":0}
{"name":"Log","hostname":"soluspc","pid":7938,"level":30,"msg":"Creating table: client_trusted_domains ","time":"2018-01-22T02:16:37.723Z","v":0}
{"name":"Log","hostname":"soluspc","pid":7938,"level":30,"msg":"Creating table: accesstokens ","time":"2018-01-22T02:16:37.858Z","v":0}
{"name":"Log","hostname":"soluspc","pid":7938,"level":30,"msg":"Creating table: refreshtokens ","time":"2018-01-22T02:16:38.127Z","v":0}
{"name":"Log","hostname":"soluspc","pid":7938,"level":30,"msg":"Creating table: subscribers ","time":"2018-01-22T02:16:38.374Z","v":0}
{"name":"Log","hostname":"soluspc","pid":7938,"level":30,"msg":"Creating table: invites ","time":"2018-01-22T02:16:38.623Z","v":0}
{"name":"Log","hostname":"soluspc","pid":7938,"level":30,"msg":"Creating table: brute ","time":"2018-01-22T02:16:38.994Z","v":0}
{"name":"Log","hostname":"soluspc","pid":7938,"level":30,"msg":"Creating table: webhooks ","time":"2018-01-22T02:16:39.116Z","v":0}
{"name":"Log","hostname":"soluspc","pid":7938,"level":30,"msg":"Model: Post ","time":"2018-01-22T02:16:39.372Z","v":0}
{"name":"Log","hostname":"soluspc","pid":7938,"level":30,"msg":"Model: Tag ","time":"2018-01-22T02:16:39.753Z","v":0}
{"name":"Log","hostname":"soluspc","pid":7938,"level":30,"msg":"Model: Client ","time":"2018-01-22T02:16:39.772Z","v":0}
{"name":"Log","hostname":"soluspc","pid":7938,"level":30,"msg":"Model: Role ","time":"2018-01-22T02:16:39.812Z","v":0}
{"name":"Log","hostname":"soluspc","pid":7938,"level":30,"msg":"Model: Permission ","time":"2018-01-22T02:16:39.847Z","v":0}
{"name":"Log","hostname":"soluspc","pid":7938,"level":30,"msg":"Model: User ","time":"2018-01-22T02:16:40.251Z","v":0}
{"name":"Log","hostname":"soluspc","pid":7938,"level":30,"msg":"Relation: Role to Permission ","time":"2018-01-22T02:16:43.115Z","v":0}
{"name":"Log","hostname":"soluspc","pid":7938,"level":30,"msg":"Relation: Post to Tag ","time":"2018-01-22T02:16:43.505Z","v":0}
{"name":"Log","hostname":"soluspc","pid":7938,"level":30,"msg":"Relation: User to Role ","time":"2018-01-22T02:16:43.685Z","v":0}
{"name":"Log","hostname":"soluspc","pid":7973,"level":40,"msg":"Theme's file locales/en.json not found. ","time":"2018-01-22T02:16:54.875Z","v":0}
{"name":"Log","hostname":"soluspc","pid":7973,"level":30,"msg":"Ghost is running in development... ","time":"2018-01-22T02:16:55.119Z","v":0}
{"name":"Log","hostname":"soluspc","pid":7973,"level":30,"msg":"Listening on: 127.0.0.1:2368 ","time":"2018-01-22T02:16:55.120Z","v":0}
{"name":"Log","hostname":"soluspc","pid":7973,"level":30,"msg":"Url configured as: http://localhost:2368/ ","time":"2018-01-22T02:16:55.121Z","v":0}
{"name":"Log","hostname":"soluspc","pid":7973,"level":30,"msg":"Ctrl+C to shut down ","time":"2018-01-22T02:16:55.122Z","v":0}
{"name":"Log","hostname":"soluspc","pid":7973,"level":30,"msg":"Ghost boot 8.874s ","time":"2018-01-22T02:16:55.125Z","v":0}
{"name":"Log","hostname":"soluspc","pid":7973,"level":40,"msg":"Ghost has shut down ","time":"2018-01-22T02:19:37.548Z","v":0}
{"name":"Log","hostname":"soluspc","pid":8491,"level":40,"msg":"Theme's file locales/en.json not found. ","time":"2018-01-22T02:23:40.670Z","v":0}
{"name":"Log","hostname":"soluspc","pid":8491,"level":30,"msg":"Ghost is running in development... ","time":"2018-01-22T02:23:40.913Z","v":0}
{"name":"Log","hostname":"soluspc","pid":8491,"level":30,"msg":"Listening on: 127.0.0.1:2368 ","time":"2018-01-22T02:23:40.915Z","v":0}
{"name":"Log","hostname":"soluspc","pid":8491,"level":30,"msg":"Url configured as: http://localhost:2368/ ","time":"2018-01-22T02:23:40.916Z","v":0}
{"name":"Log","hostname":"soluspc","pid":8491,"level":30,"msg":"Ctrl+C to shut down ","time":"2018-01-22T02:23:40.917Z","v":0}
{"name":"Log","hostname":"soluspc","pid":8491,"level":30,"msg":"Ghost boot 2.094s ","time":"2018-01-22T02:23:40.921Z","v":0}
{"name":"Log","hostname":"soluspc","pid":8491,"level":30,"req":{"meta":{"requestId":"4d974a90-ff1b-11e7-9786-650467e036ac","userId":null},"url":"/","method":"GET","originalUrl":"/","params":{},"headers":{"host":"localhost:2368","user-agent":"Mozilla/5.0 (X11; Linux x86_64; rv:58.0) Gecko/20100101 Firefox/58.0","accept":"text/html,application/xhtml+xml,application/xml;q=0.9,*/*;q=0.8","accept-language":"es-CO,en-US;q=0.7,en;q=0.3","accept-encoding":"gzip, deflate","dnt":"1","connection":"keep-alive","upgrade-insecure-requests":"1"},"body":{},"query":{}},"res":{"_headers":{"x-powered-by":"Express","cache-control":"public, max-age=0","content-type":"text/html; charset=utf-8","etag":"W/\"2fff-S5U/KG+siMjAe4xFTPXGEl0czRU\"","vary":"Accept-Encoding","content-encoding":"gzip"},"statusCode":200,"responseTime":"949ms"},"msg":"","time":"2018-01-22T02:23:59.860Z","v":0}
{"name":"Log","hostname":"soluspc","pid":8491,"level":30,"req":{"meta":{"requestId":"4e3e38f0-ff1b-11e7-9786-650467e036ac","userId":null},"url":"/assets/built/screen.css?v=7946693d2b","method":"GET","originalUrl":"/assets/built/screen.css?v=7946693d2b","params":{},"headers":{"host":"localhost:2368","user-agent":"Mozilla/5.0 (X11; Linux x86_64; rv:58.0) Gecko/20100101 Firefox/58.0","accept":"text/css,*/*;q=0.1","accept-language":"es-CO,en-US;q=0.7,en;q=0.3","accept-encoding":"gzip, deflate","referer":"http://localhost:2368/","dnt":"1","connection":"keep-alive"},"body":{},"query":{"v":"7946693d2b"}},"res":{"_headers":{"x-powered-by":"Express","accept-ranges":"bytes","cache-control":"public, max-age=0","last-modified":"Wed, 17 Jan 2018 17:13:44 GMT","etag":"W/\"75ca-161051cb940\"","content-type":"text/css; charset=UTF-8","vary":"Accept-Encoding","content-encoding":"gzip"},"statusCode":200,"responseTime":"15ms"},"msg":"","time":"2018-01-22T02:24:00.016Z","v":0}
{"name":"Log","hostname":"soluspc","pid":8491,"level":30,"req":{"meta":{"requestId":"4e3f2351-ff1b-11e7-9786-650467e036ac","userId":null},"url":"/assets/js/jquery.fitvids.js?v=7946693d2b","method":"GET","originalUrl":"/assets/js/jquery.fitvids.js?v=7946693d2b","params":{},"headers":{"host":"localhost:2368","user-agent":"Mozilla/5.0 (X11; Linux x86_64; rv:58.0) Gecko/20100101 Firefox/58.0","accept":"*/*","accept-language":"es-CO,en-US;q=0.7,en;q=0.3","accept-encoding":"gzip, deflate","referer":"http://localhost:2368/","dnt":"1","connection":"keep-alive"},"body":{},"query":{"v":"7946693d2b"}},"res":{"_headers":{"x-powered-by":"Express","accept-ranges":"bytes","cache-control":"public, max-age=0","last-modified":"Wed, 17 Jan 2018 17:13:44 GMT","etag":"W/\"d76-161051cb940\"","content-type":"application/javascript; charset=UTF-8","vary":"Accept-Encoding","content-encoding":"gzip"},"statusCode":200,"responseTime":"14ms"},"msg":"","time":"2018-01-22T02:24:00.021Z","v":0}
{"name":"Log","hostname":"soluspc","pid":8491,"level":30,"req":{"meta":{"requestId":"4e3f4a60-ff1b-11e7-9786-650467e036ac","userId":null},"url":"/assets/js/infinitescroll.js?v=7946693d2b","method":"GET","originalUrl":"/assets/js/infinitescroll.js?v=7946693d2b","params":{},"headers":{"host":"localhost:2368","user-agent":"Mozilla/5.0 (X11; Linux x86_64; rv:58.0) Gecko/20100101 Firefox/58.0","accept":"*/*","accept-language":"es-CO,en-US;q=0.7,en;q=0.3","accept-encoding":"gzip, deflate","referer":"http://localhost:2368/","dnt":"1","connection":"keep-alive"},"body":{},"query":{"v":"7946693d2b"}},"res":{"_headers":{"x-powered-by":"Express","accept-ranges":"bytes","cache-control":"public, max-age=0","last-modified":"Wed, 17 Jan 2018 17:13:44 GMT","etag":"W/\"8d6-161051cb940\"","content-type":"application/javascript; charset=UTF-8","vary":"Accept-Encoding","content-encoding":"gzip"},"statusCode":200,"responseTime":"16ms"},"msg":"","time":"2018-01-22T02:24:00.023Z","v":0}
{"name":"Log","hostname":"soluspc","pid":8491,"level":30,"req":{"meta":{"requestId":"4e3f2350-ff1b-11e7-9786-650467e036ac","userId":null},"url":"/public/ghost-sdk.js?v=7946693d2b","method":"GET","originalUrl":"/public/ghost-sdk.js?v=7946693d2b","params":{},"headers":{"host":"localhost:2368","user-agent":"Mozilla/5.0 (X11; Linux x86_64; rv:58.0) Gecko/20100101 Firefox/58.0","accept":"*/*","accept-language":"es-CO,en-US;q=0.7,en;q=0.3","accept-encoding":"gzip, deflate","referer":"http://localhost:2368/","dnt":"1","connection":"keep-alive"},"body":{},"query":{"v":"7946693d2b"}},"res":{"_headers":{"x-powered-by":"Express","content-type":"application/javascript","etag":"\"e1da20b87dd78426550fec843c75999b\"","cache-control":"public, max-age=3600","vary":"Accept-Encoding","content-encoding":"gzip"},"statusCode":200,"responseTime":"19ms"},"msg":"","time":"2018-01-22T02:24:00.026Z","v":0}
{"name":"Log","hostname":"soluspc","pid":8491,"level":30,"req":{"meta":{"requestId":"4f886c30-ff1b-11e7-9786-650467e036ac","userId":null},"url":"/favicon.ico","method":"GET","originalUrl":"/favicon.ico","params":{},"headers":{"host":"localhost:2368","user-agent":"Mozilla/5.0 (X11; Linux x86_64; rv:58.0) Gecko/20100101 Firefox/58.0","accept":"text/html,application/xhtml+xml,application/xml;q=0.9,*/*;q=0.8","accept-language":"es-CO,en-US;q=0.7,en;q=0.3","accept-encoding":"gzip, deflate","dnt":"1","connection":"keep-alive"},"body":{},"query":{}},"res":{"_headers":{"x-powered-by":"Express","content-type":"image/x-icon","etag":"\"36e47e74810a0d8c32a77f495c49cf8e\"","cache-control":"public, max-age=86400","vary":"Accept-Encoding","content-encoding":"gzip"},"statusCode":200,"responseTime":"5ms"},"msg":"","time":"2018-01-22T02:24:02.170Z","v":0}
{"name":"Log","hostname":"soluspc","pid":8491,"level":40,"msg":"Ghost has shut down ","time":"2018-01-22T02:27:27.106Z","v":0}
